   Compiling nmp-server v0.1.0 (C:\Users\maseo\Documents\Developer\Projects\NMP v1.0-alpha\nmp-server)
warning: unused import: `SwarmEvent`
 --> nmp-server\src\p2p.rs:7:45
  |
7 |     swarm::{NetworkBehaviour, SwarmBuilder, SwarmEvent},
  |                                             ^^^^^^^^^^
  |
  = note: `#[warn(unused_imports)]` (part of `#[warn(unused)]`) on by default

warning: unused import: `tonic::Status`
  --> nmp-server\src\executor.rs:11:5
   |
11 | use tonic::Status;
   |     ^^^^^^^^^^^^^

warning: `nmp-server` (bin "nmp-server") generated 2 warnings (run `cargo fix --bin "nmp-server" -p nmp-server` to apply 2 suggestions)
    Finished `dev` profile [unoptimized + debuginfo] target(s) in 5.91s
     Running `target\debug\nmp-server.exe`
NMP Server Node - Initiating Genesis Boot Sequence...
Loading Sandbox capabilities (Wasmtime+WASI)...
Init Zero-Trust Wasmtime Engine...
[-] Starting NMP gRPC Service on [::1]:50051
Init Zero-Trust Mesh Crypto...
[-] Local Agent Identity (PeerID): 12D3KooWNDc89hG3XF6NAFUcJrhFGWYt6cqoXGJcb8XjvQKtseFe
[-] Publishing Tool Schemas to Kademlia DHT...
[-] Capabilities cached successfully on the P2P Mesh.
Entering Agent Mesh Network Loop...
[-] NMP Node P2P Mesh ready on: /ip4/192.168.50.122/tcp/31637
[-] NMP Node P2P Mesh ready on: /ip4/127.0.0.1/tcp/31637
[-] NMP Node P2P Mesh ready on: /ip4/172.19.0.1/tcp/31637
[-] Received NMP Intent Negotiation from DID: spiffe://nmp.ai/agent/alpha-1
[-] Executing Logic-on-Origin for session: proto-session-1234
[Guardian] ­ƒøí´©Å Starting Zero-Time AST heuristic inspection...
[Guardian] Ô£à AST clean. Validated 6 WASI imports across 255 functions.
[-] Compiling incoming NMP Logic Module...
[-] Linking Capabilities...
[-] Triggering Logic-on-Origin execution...
NMP Watchdog: Initializing. Will monitor system for 3 seconds...
NMP Watchdog: Finished monitoring.
error: process didn't exit successfully: `target\debug\nmp-server.exe` (exit code: 1)
